<?xml version="1.0" encoding="UTF-8" ?>
<testsuite tests="1" failures="1" name="com.example.RunCucumberTest" time="0.582" errors="0" skipped="0">
  <properties>
[...]
</properties>
  <testcase classname="Is it Friday yet?" name="Sunday isn&apos;t Friday" time="0.582">
    <failure message="expected:&lt;Nope&gt; but was:&lt;null&gt;" type="java.lang.AssertionError">java.lang.AssertionError: expected:&lt;Nope&gt; but was:&lt;null&gt;
	at org.junit.Assert.fail(Assert.java:89)
	at org.junit.Assert.failNotEquals(Assert.java:835)
	at org.junit.Assert.assertEquals(Assert.java:120)
	at org.junit.Assert.assertEquals(Assert.java:146)
	at com.example.StepDefinitions.i_should_be_told(StepDefinitions.java:30)
	at ✽.I should be told &quot;Nope&quot;(classpath:com/example/is_it_friday_yet.feature:7)
</failure>
    <system-out>
Scenario: Sunday isn&apos;t Friday        &amp;#27;[90m# com/example/is_it_friday_yet.feature:4&amp;#27;[0m
  &amp;#27;[32mGiven &amp;#27;[0m&amp;#27;[32mtoday is Sunday&amp;#27;[0m              &amp;#27;[90m# com.example.StepDefinitions.today_is_Sunday()&amp;#27;[0m
  &amp;#27;[32mWhen &amp;#27;[0m&amp;#27;[32mI ask whether it&apos;s Friday yet&amp;#27;[0m &amp;#27;[90m# com.example.StepDefinitions.i_ask_whether_it_s_Friday_yet()&amp;#27;[0m
  &amp;#27;[31mThen &amp;#27;[0m&amp;#27;[31mI should be told &amp;#27;[0m&amp;#27;[31m&amp;#27;[1m&quot;Nope&quot;&amp;#27;[0m       &amp;#27;[90m# com.example.StepDefinitions.i_should_be_told(java.lang.String)&amp;#27;[0m
      &amp;#27;[31mjava.lang.AssertionError: expected:&lt;Nope&gt; but was:&lt;null&gt;
	at org.junit.Assert.fail(Assert.java:89)
	at org.junit.Assert.failNotEquals(Assert.java:835)
	at org.junit.Assert.assertEquals(Assert.java:120)
	at org.junit.Assert.assertEquals(Assert.java:146)
	at com.example.StepDefinitions.i_should_be_told(StepDefinitions.java:30)
	at âœ½.I should be told &quot;Nope&quot;(classpath:com/example/is_it_friday_yet.feature:7)
&amp;#27;[0m
</system-out>
  </testcase>
</testsuite>